2024-12-04 17:57:00,182 - INFO - Detected operating system: Darwin
2024-12-04 17:57:00,183 - INFO - Trying to start FluidSynth with driver: coreaudio
2024-12-04 17:57:00,512 - INFO - FluidSynth started successfully using driver 'coreaudio'.
2024-12-04 17:57:18,623 - DEBUG - Navigating down: 1
2024-12-04 17:57:19,021 - DEBUG - Navigating up: 0
2024-12-04 17:57:20,597 - DEBUG - Navigating down: 1
2024-12-04 17:57:20,838 - INFO - Selected SoundFont: Retro MonoSynth.sf2
2024-12-04 17:57:20,846 - INFO - SoundFont 'Retro MonoSynth.sf2' loaded successfully.
2024-12-04 17:57:21,392 - DEBUG - Key pressed: 1
2024-12-04 17:57:21,766 - DEBUG - Navigating down: 1
2024-12-04 17:57:21,925 - DEBUG - Navigating down: 2
2024-12-04 17:57:22,349 - DEBUG - Navigating up: 1
2024-12-04 17:57:22,538 - DEBUG - Navigating up: 0
2024-12-04 17:57:22,737 - INFO - Selected MIDI file: Brazilian National Anthem.mid
2024-12-04 17:57:22,984 - INFO - MIDI messages prepared for playback.
2024-12-04 17:57:22,984 - INFO - MIDIPlayer initialized for file: Brazilian National Anthem.mid
2024-12-04 17:57:22,984 - INFO - Starting MIDI playback: Brazilian National Anthem.mid
2024-12-04 17:57:22,984 - DEBUG - Program Change: Ch 0 Program 48
2024-12-04 17:57:22,984 - DEBUG - Program Change: Ch 1 Program 73
2024-12-04 17:57:22,984 - DEBUG - Program Change: Ch 2 Program 48
2024-12-04 17:57:22,984 - DEBUG - Program Change: Ch 3 Program 71
2024-12-04 17:57:22,984 - DEBUG - Program Change: Ch 4 Program 48
2024-12-04 17:57:22,984 - DEBUG - Program Change: Ch 5 Program 48
2024-12-04 17:57:22,985 - DEBUG - Program Change: Ch 6 Program 48
2024-12-04 17:57:22,985 - DEBUG - Program Change: Ch 7 Program 47
2024-12-04 17:57:26,796 - DEBUG - Note ON: Ch 1 MIDI 81 Velocity 105
2024-12-04 17:57:26,796 - DEBUG - Note ON: Ch 2 MIDI 81 Velocity 125
2024-12-04 17:57:26,913 - DEBUG - Note OFF: Ch 2 MIDI 81
2024-12-04 17:57:26,913 - DEBUG - Note OFF: Ch 1 MIDI 81
2024-12-04 17:57:26,937 - DEBUG - Note ON: Ch 1 MIDI 78 Velocity 105
2024-12-04 17:57:26,937 - DEBUG - Note ON: Ch 2 MIDI 78 Velocity 125
2024-12-04 17:57:27,049 - DEBUG - Note OFF: Ch 2 MIDI 78
2024-12-04 17:57:27,049 - DEBUG - Note OFF: Ch 1 MIDI 78
2024-12-04 17:57:27,073 - DEBUG - Note ON: Ch 1 MIDI 79 Velocity 105
2024-12-04 17:57:27,073 - DEBUG - Note ON: Ch 2 MIDI 79 Velocity 125
2024-12-04 17:57:27,183 - DEBUG - Note OFF: Ch 2 MIDI 79
2024-12-04 17:57:27,184 - DEBUG - Note OFF: Ch 1 MIDI 79
2024-12-04 17:57:27,207 - DEBUG - Note ON: Ch 1 MIDI 76 Velocity 105
2024-12-04 17:57:27,207 - DEBUG - Note ON: Ch 2 MIDI 76 Velocity 125
2024-12-04 17:57:27,320 - DEBUG - Note OFF: Ch 2 MIDI 76
2024-12-04 17:57:27,320 - DEBUG - Note OFF: Ch 1 MIDI 76
2024-12-04 17:57:27,344 - DEBUG - Note ON: Ch 1 MIDI 74 Velocity 105
2024-12-04 17:57:27,344 - DEBUG - Note ON: Ch 2 MIDI 74 Velocity 125
2024-12-04 17:57:27,780 - DEBUG - Note OFF: Ch 2 MIDI 74
2024-12-04 17:57:27,780 - DEBUG - Note OFF: Ch 1 MIDI 74
2024-12-04 17:57:27,889 - DEBUG - Note ON: Ch 1 MIDI 74 Velocity 125
2024-12-04 17:57:27,889 - DEBUG - Note ON: Ch 2 MIDI 74 Velocity 127
2024-12-04 17:57:27,889 - DEBUG - Note ON: Ch 4 MIDI 57 Velocity 125
2024-12-04 17:57:27,889 - DEBUG - Note ON: Ch 5 MIDI 50 Velocity 125
2024-12-04 17:57:27,889 - DEBUG - Note ON: Ch 6 MIDI 38 Velocity 125
2024-12-04 17:57:27,890 - DEBUG - Note ON: Ch 7 MIDI 50 Velocity 70
2024-12-04 17:57:27,901 - DEBUG - Note ON: Ch 0 MIDI 66 Velocity 125
2024-12-04 17:57:28,326 - DEBUG - Note OFF: Ch 7 MIDI 50
2024-12-04 17:57:28,326 - DEBUG - Note OFF: Ch 5 MIDI 50
2024-12-04 17:57:28,327 - DEBUG - Note OFF: Ch 2 MIDI 74
2024-12-04 17:57:28,327 - DEBUG - Note OFF: Ch 4 MIDI 57
2024-12-04 17:57:28,327 - DEBUG - Note OFF: Ch 1 MIDI 74
2024-12-04 17:57:28,327 - DEBUG - Note OFF: Ch 6 MIDI 38
2024-12-04 17:57:28,339 - DEBUG - Note OFF: Ch 0 MIDI 66
2024-12-04 17:57:28,710 - DEBUG - Note ON: Ch 1 MIDI 78 Velocity 105
2024-12-04 17:57:28,710 - DEBUG - Note ON: Ch 2 MIDI 78 Velocity 125
2024-12-04 17:57:28,820 - DEBUG - Note OFF: Ch 2 MIDI 78
2024-12-04 17:57:28,820 - DEBUG - Note OFF: Ch 1 MIDI 78
2024-12-04 17:57:28,844 - DEBUG - Note ON: Ch 1 MIDI 76 Velocity 105
2024-12-04 17:57:28,845 - DEBUG - Note ON: Ch 2 MIDI 76 Velocity 125
2024-12-04 17:57:28,950 - DEBUG - Note OFF: Ch 2 MIDI 76
2024-12-04 17:57:28,950 - DEBUG - Note OFF: Ch 1 MIDI 76
2024-12-04 17:57:28,988 - DEBUG - Note ON: Ch 1 MIDI 79 Velocity 105
2024-12-04 17:57:28,988 - DEBUG - Note ON: Ch 2 MIDI 79 Velocity 125
2024-12-04 17:57:29,086 - DEBUG - Note OFF: Ch 2 MIDI 79
2024-12-04 17:57:29,086 - DEBUG - Note OFF: Ch 1 MIDI 79
2024-12-04 17:57:29,122 - DEBUG - Note ON: Ch 1 MIDI 78 Velocity 105
2024-12-04 17:57:29,122 - DEBUG - Note ON: Ch 2 MIDI 78 Velocity 125
2024-12-04 17:57:29,233 - DEBUG - Note OFF: Ch 2 MIDI 78
2024-12-04 17:57:29,233 - DEBUG - Note OFF: Ch 1 MIDI 78
2024-12-04 17:57:29,258 - DEBUG - Note ON: Ch 1 MIDI 76 Velocity 105
2024-12-04 17:57:29,258 - DEBUG - Note ON: Ch 2 MIDI 76 Velocity 125
2024-12-04 17:57:29,363 - DEBUG - Note OFF: Ch 2 MIDI 76
2024-12-04 17:57:29,363 - DEBUG - Note OFF: Ch 1 MIDI 76
2024-12-04 17:57:29,388 - DEBUG - Note ON: Ch 1 MIDI 74 Velocity 105
2024-12-04 17:57:29,388 - DEBUG - Note ON: Ch 2 MIDI 74 Velocity 125
2024-12-04 17:57:29,506 - DEBUG - Note OFF: Ch 2 MIDI 74
2024-12-04 17:57:29,506 - DEBUG - Note OFF: Ch 1 MIDI 74
2024-12-04 17:57:29,531 - DEBUG - Note ON: Ch 1 MIDI 73 Velocity 105
2024-12-04 17:57:29,531 - DEBUG - Note ON: Ch 2 MIDI 73 Velocity 125
2024-12-04 17:57:29,962 - DEBUG - Note OFF: Ch 2 MIDI 73
2024-12-04 17:57:29,962 - DEBUG - Note OFF: Ch 1 MIDI 73
2024-12-04 17:57:30,070 - DEBUG - Note ON: Ch 1 MIDI 71 Velocity 125
2024-12-04 17:57:30,071 - DEBUG - Note ON: Ch 2 MIDI 71 Velocity 127
2024-12-04 17:57:30,071 - DEBUG - Note ON: Ch 4 MIDI 59 Velocity 125
2024-12-04 17:57:30,071 - DEBUG - Note ON: Ch 5 MIDI 43 Velocity 125
2024-12-04 17:57:30,071 - DEBUG - Note ON: Ch 6 MIDI 31 Velocity 125
2024-12-04 17:57:30,071 - DEBUG - Note ON: Ch 7 MIDI 43 Velocity 70
2024-12-04 17:57:30,082 - DEBUG - Note ON: Ch 0 MIDI 62 Velocity 125
2024-12-04 17:57:30,508 - DEBUG - Note OFF: Ch 7 MIDI 43
2024-12-04 17:57:30,508 - DEBUG - Note OFF: Ch 5 MIDI 43
2024-12-04 17:57:30,508 - DEBUG - Note OFF: Ch 2 MIDI 71
2024-12-04 17:57:30,508 - DEBUG - Note OFF: Ch 4 MIDI 59
2024-12-04 17:57:30,508 - DEBUG - Note OFF: Ch 1 MIDI 71
2024-12-04 17:57:30,508 - DEBUG - Note OFF: Ch 6 MIDI 31
2024-12-04 17:57:30,521 - DEBUG - Note OFF: Ch 0 MIDI 62
2024-12-04 17:57:30,891 - DEBUG - Note ON: Ch 1 MIDI 83 Velocity 105
2024-12-04 17:57:30,891 - DEBUG - Note ON: Ch 2 MIDI 83 Velocity 125
2024-12-04 17:57:30,904 - DEBUG - Key pressed: 1
2024-12-04 17:57:31,002 - DEBUG - Note OFF: Ch 2 MIDI 83
2024-12-04 17:57:31,002 - DEBUG - Note OFF: Ch 1 MIDI 83
2024-12-04 17:57:31,028 - DEBUG - Note ON: Ch 1 MIDI 82 Velocity 105
2024-12-04 17:57:31,028 - DEBUG - Note ON: Ch 2 MIDI 82 Velocity 125
2024-12-04 17:57:31,138 - DEBUG - Note OFF: Ch 2 MIDI 82
2024-12-04 17:57:31,139 - DEBUG - Note OFF: Ch 1 MIDI 82
2024-12-04 17:57:31,163 - DEBUG - Note ON: Ch 1 MIDI 85 Velocity 105
2024-12-04 17:57:31,163 - DEBUG - Note ON: Ch 2 MIDI 85 Velocity 125
2024-12-04 17:57:31,276 - DEBUG - Note OFF: Ch 2 MIDI 85
2024-12-04 17:57:31,276 - DEBUG - Note OFF: Ch 1 MIDI 85
2024-12-04 17:57:31,299 - DEBUG - Note ON: Ch 1 MIDI 83 Velocity 105
2024-12-04 17:57:31,300 - DEBUG - Note ON: Ch 2 MIDI 83 Velocity 125
2024-12-04 17:57:31,409 - DEBUG - Note OFF: Ch 2 MIDI 83
2024-12-04 17:57:31,409 - DEBUG - Note OFF: Ch 1 MIDI 83
2024-12-04 17:57:31,434 - DEBUG - Note ON: Ch 1 MIDI 81 Velocity 105
2024-12-04 17:57:31,434 - DEBUG - Note ON: Ch 2 MIDI 81 Velocity 125
2024-12-04 17:57:31,543 - DEBUG - Note OFF: Ch 2 MIDI 81
2024-12-04 17:57:31,543 - DEBUG - Note OFF: Ch 1 MIDI 81
2024-12-04 17:57:31,580 - DEBUG - Note ON: Ch 1 MIDI 79 Velocity 105
2024-12-04 17:57:31,580 - DEBUG - Note ON: Ch 2 MIDI 79 Velocity 125
2024-12-04 17:57:31,681 - DEBUG - Note OFF: Ch 2 MIDI 79
2024-12-04 17:57:31,682 - DEBUG - Note OFF: Ch 1 MIDI 79
2024-12-04 17:57:31,707 - DEBUG - Note ON: Ch 1 MIDI 78 Velocity 105
2024-12-04 17:57:31,707 - DEBUG - Note ON: Ch 2 MIDI 78 Velocity 125
2024-12-04 17:57:32,148 - DEBUG - Note OFF: Ch 2 MIDI 78
2024-12-04 17:57:32,148 - DEBUG - Note OFF: Ch 1 MIDI 78
2024-12-04 17:57:32,259 - DEBUG - Note ON: Ch 1 MIDI 76 Velocity 125
2024-12-04 17:57:32,259 - DEBUG - Note ON: Ch 2 MIDI 76 Velocity 127
2024-12-04 17:57:32,259 - DEBUG - Note ON: Ch 4 MIDI 59 Velocity 125
2024-12-04 17:57:32,259 - DEBUG - Note ON: Ch 5 MIDI 43 Velocity 125
2024-12-04 17:57:32,259 - DEBUG - Note ON: Ch 6 MIDI 31 Velocity 125
2024-12-04 17:57:32,259 - DEBUG - Note ON: Ch 7 MIDI 43 Velocity 70
2024-12-04 17:57:32,259 - DEBUG - Note ON: Ch 0 MIDI 67 Velocity 125
2024-12-04 17:57:32,690 - DEBUG - Note OFF: Ch 7 MIDI 43
2024-12-04 17:57:32,690 - DEBUG - Note OFF: Ch 5 MIDI 43
2024-12-04 17:57:32,690 - DEBUG - Note OFF: Ch 2 MIDI 76
2024-12-04 17:57:32,690 - DEBUG - Note OFF: Ch 4 MIDI 59
2024-12-04 17:57:32,690 - DEBUG - Note OFF: Ch 1 MIDI 76
2024-12-04 17:57:32,690 - DEBUG - Note OFF: Ch 6 MIDI 31
2024-12-04 17:57:32,703 - DEBUG - Note OFF: Ch 0 MIDI 67
2024-12-04 17:57:32,727 - DEBUG - Key pressed: s
2024-12-04 17:57:32,728 - INFO - MIDI playback stopped.
2024-12-04 17:57:32,728 - INFO - MIDI playback stopped by user.
2024-12-04 17:57:33,250 - DEBUG - Key pressed: 1
2024-12-04 17:57:33,613 - DEBUG - Navigating down: 1
2024-12-04 17:57:33,749 - DEBUG - Navigating down: 2
2024-12-04 17:57:33,869 - DEBUG - Navigating down: 3
2024-12-04 17:57:33,989 - DEBUG - Navigating down: 4
2024-12-04 17:57:34,119 - DEBUG - Navigating down: 5
2024-12-04 17:57:34,213 - DEBUG - Navigating down: 6
2024-12-04 17:57:35,260 - INFO - Selected MIDI file: Oh Tannenbaum.mid
2024-12-04 17:57:35,318 - INFO - MIDI messages prepared for playback.
2024-12-04 17:57:35,318 - INFO - MIDIPlayer initialized for file: Oh Tannenbaum.mid
2024-12-04 17:57:35,322 - INFO - Starting MIDI playback: Oh Tannenbaum.mid
2024-12-04 17:57:36,479 - DEBUG - Program Change: Ch 3 Program 75
2024-12-04 17:57:36,543 - DEBUG - Program Change: Ch 4 Program 41
2024-12-04 17:57:36,593 - DEBUG - Program Change: Ch 5 Program 9
2024-12-04 17:57:36,630 - DEBUG - Program Change: Ch 6 Program 46
2024-12-04 17:57:36,680 - DEBUG - Program Change: Ch 1 Program 42
2024-12-04 17:57:36,730 - DEBUG - Program Change: Ch 2 Program 40
2024-12-04 17:57:36,790 - DEBUG - Program Change: Ch 7 Program 7
2024-12-04 17:57:36,837 - DEBUG - Program Change: Ch 8 Program 46
2024-12-04 17:57:37,688 - DEBUG - Note ON: Ch 5 MIDI 98 Velocity 79
2024-12-04 17:57:37,688 - DEBUG - Note ON: Ch 7 MIDI 86 Velocity 95
2024-12-04 17:57:37,699 - DEBUG - Note ON: Ch 1 MIDI 38 Velocity 93
2024-12-04 17:57:37,699 - DEBUG - Note ON: Ch 7 MIDI 81 Velocity 95
2024-12-04 17:57:38,082 - DEBUG - Note OFF: Ch 7 MIDI 86
2024-12-04 17:57:38,082 - DEBUG - Note OFF: Ch 7 MIDI 81
2024-12-04 17:57:38,082 - DEBUG - Note ON: Ch 7 MIDI 81 Velocity 91
2024-12-04 17:57:38,096 - DEBUG - Note ON: Ch 7 MIDI 78 Velocity 91
2024-12-04 17:57:38,468 - DEBUG - Note OFF: Ch 1 MIDI 38
2024-12-04 17:57:38,468 - DEBUG - Note OFF: Ch 5 MIDI 98
2024-12-04 17:57:38,481 - DEBUG - Note OFF: Ch 7 MIDI 81
2024-12-04 17:57:38,481 - DEBUG - Note ON: Ch 5 MIDI 93 Velocity 83
2024-12-04 17:57:38,481 - DEBUG - Note OFF: Ch 7 MIDI 78
2024-12-04 17:57:38,481 - DEBUG - Note ON: Ch 1 MIDI 42 Velocity 94
2024-12-04 17:57:38,481 - DEBUG - Note ON: Ch 7 MIDI 78 Velocity 95
2024-12-04 17:57:38,481 - DEBUG - Note ON: Ch 7 MIDI 81 Velocity 95
2024-12-04 17:57:38,871 - DEBUG - Note ON: Ch 7 MIDI 74 Velocity 90
2024-12-04 17:57:38,871 - DEBUG - Note OFF: Ch 7 MIDI 78
2024-12-04 17:57:38,871 - DEBUG - Note ON: Ch 7 MIDI 78 Velocity 90
2024-12-04 17:57:38,871 - DEBUG - Note OFF: Ch 7 MIDI 81
2024-12-04 17:57:39,250 - DEBUG - Note OFF: Ch 1 MIDI 42
2024-12-04 17:57:39,263 - DEBUG - Note OFF: Ch 7 MIDI 74
2024-12-04 17:57:39,263 - DEBUG - Note ON: Ch 1 MIDI 45 Velocity 88
2024-12-04 17:57:39,263 - DEBUG - Note OFF: Ch 7 MIDI 78
2024-12-04 17:57:39,263 - DEBUG - Note OFF: Ch 5 MIDI 93
2024-12-04 17:57:39,276 - DEBUG - Note ON: Ch 5 MIDI 90 Velocity 75
2024-12-04 17:57:39,276 - DEBUG - Note ON: Ch 7 MIDI 78 Velocity 95
2024-12-04 17:57:39,276 - DEBUG - Note ON: Ch 7 MIDI 74 Velocity 95
2024-12-04 17:57:39,656 - DEBUG - Note ON: Ch 7 MIDI 69 Velocity 91
2024-12-04 17:57:39,668 - DEBUG - Note OFF: Ch 7 MIDI 74
2024-12-04 17:57:39,668 - DEBUG - Note OFF: Ch 7 MIDI 78
2024-12-04 17:57:39,668 - DEBUG - Note ON: Ch 7 MIDI 74 Velocity 92
2024-12-04 17:57:40,043 - DEBUG - Note OFF: Ch 1 MIDI 45
2024-12-04 17:57:40,043 - DEBUG - Note OFF: Ch 7 MIDI 69
2024-12-04 17:57:40,056 - DEBUG - Note ON: Ch 2 MIDI 74 Velocity 84
2024-12-04 17:57:40,056 - DEBUG - Note OFF: Ch 7 MIDI 74
2024-12-04 17:57:40,056 - DEBUG - Note OFF: Ch 5 MIDI 90
2024-12-04 17:57:40,056 - DEBUG - Note ON: Ch 7 MIDI 69 Velocity 95
2024-12-04 17:57:40,056 - DEBUG - Note ON: Ch 1 MIDI 38 Velocity 84
2024-12-04 17:57:40,056 - DEBUG - Note ON: Ch 5 MIDI 86 Velocity 73
2024-12-04 17:57:40,056 - DEBUG - Note ON: Ch 7 MIDI 74 Velocity 94
2024-12-04 17:57:40,070 - DEBUG - Note ON: Ch 4 MIDI 62 Velocity 69
2024-12-04 17:57:40,070 - DEBUG - Note ON: Ch 4 MIDI 66 Velocity 62
2024-12-04 17:57:40,448 - DEBUG - Note OFF: Ch 2 MIDI 74
2024-12-04 17:57:40,448 - DEBUG - Note ON: Ch 4 MIDI 69 Velocity 60
2024-12-04 17:57:40,461 - DEBUG - Note ON: Ch 2 MIDI 69 Velocity 64
2024-12-04 17:57:40,523 - DEBUG - Note OFF: Ch 4 MIDI 66
2024-12-04 17:57:40,680 - DEBUG - Note OFF: Ch 7 MIDI 74
2024-12-04 17:57:40,693 - DEBUG - Note OFF: Ch 7 MIDI 69
2024-12-04 17:57:40,838 - DEBUG - Note ON: Ch 4 MIDI 66 Velocity 66
2024-12-04 17:57:40,852 - DEBUG - Note OFF: Ch 2 MIDI 69
2024-12-04 17:57:40,852 - DEBUG - Note ON: Ch 2 MIDI 78 Velocity 86
2024-12-04 17:57:40,877 - DEBUG - Note OFF: Ch 4 MIDI 69
2024-12-04 17:57:40,994 - DEBUG - Note OFF: Ch 5 MIDI 86
2024-12-04 17:57:41,231 - DEBUG - Note OFF: Ch 2 MIDI 78
2024-12-04 17:57:41,244 - DEBUG - Note ON: Ch 4 MIDI 69 Velocity 62
2024-12-04 17:57:41,244 - DEBUG - Note ON: Ch 2 MIDI 69 Velocity 62
2024-12-04 17:57:41,244 - DEBUG - Note OFF: Ch 4 MIDI 66
2024-12-04 17:57:41,611 - DEBUG - Note OFF: Ch 4 MIDI 69
2024-12-04 17:57:41,622 - DEBUG - Note OFF: Ch 4 MIDI 62
2024-12-04 17:57:41,634 - DEBUG - Note ON: Ch 4 MIDI 66 Velocity 67
2024-12-04 17:57:41,634 - DEBUG - Note OFF: Ch 2 MIDI 69
2024-12-04 17:57:41,634 - DEBUG - Note ON: Ch 2 MIDI 81 Velocity 75
2024-12-04 17:57:41,646 - DEBUG - Note ON: Ch 4 MIDI 62 Velocity 69
2024-12-04 17:57:42,022 - DEBUG - Note OFF: Ch 4 MIDI 66
2024-12-04 17:57:42,022 - DEBUG - Note ON: Ch 4 MIDI 69 Velocity 61
2024-12-04 17:57:42,036 - DEBUG - Note OFF: Ch 2 MIDI 81
2024-12-04 17:57:42,036 - DEBUG - Note ON: Ch 2 MIDI 69 Velocity 55
2024-12-04 17:57:42,255 - DEBUG - Note OFF: Ch 1 MIDI 38
2024-12-04 17:57:42,404 - DEBUG - Note OFF: Ch 4 MIDI 69
2024-12-04 17:57:42,429 - DEBUG - Note OFF: Ch 2 MIDI 69
2024-12-04 17:57:42,429 - DEBUG - Note OFF: Ch 4 MIDI 62
2024-12-04 17:57:42,429 - DEBUG - Note ON: Ch 4 MIDI 62 Velocity 69
2024-12-04 17:57:42,429 - DEBUG - Note ON: Ch 1 MIDI 38 Velocity 93
2024-12-04 17:57:42,429 - DEBUG - Note ON: Ch 2 MIDI 74 Velocity 75
2024-12-04 17:57:42,429 - DEBUG - Note ON: Ch 7 MIDI 86 Velocity 95
2024-12-04 17:57:42,429 - DEBUG - Note ON: Ch 5 MIDI 98 Velocity 78
2024-12-04 17:57:42,430 - DEBUG - Note ON: Ch 7 MIDI 81 Velocity 95
2024-12-04 17:57:42,819 - DEBUG - Note ON: Ch 7 MIDI 78 Velocity 91
2024-12-04 17:57:42,820 - DEBUG - Note OFF: Ch 7 MIDI 86
2024-12-04 17:57:42,820 - DEBUG - Note OFF: Ch 7 MIDI 81
2024-12-04 17:57:42,820 - DEBUG - Note ON: Ch 7 MIDI 81 Velocity 91
2024-12-04 17:57:43,090 - DEBUG - Key pressed: 2
2024-12-04 17:57:43,700 - DEBUG - Navigating down: 1
2024-12-04 17:57:43,847 - DEBUG - Navigating down: 2
2024-12-04 17:57:44,951 - INFO - Selected SoundFont: Fantasy Piano.sf2
2024-12-04 17:57:44,961 - INFO - SoundFont 'Fantasy Piano.sf2' loaded successfully.
2024-12-04 17:57:44,961 - DEBUG - Note OFF: Ch 1 MIDI 38
2024-12-04 17:57:44,961 - DEBUG - Note OFF: Ch 7 MIDI 78
2024-12-04 17:57:44,961 - DEBUG - Note ON: Ch 1 MIDI 42 Velocity 94
2024-12-04 17:57:44,961 - DEBUG - Note ON: Ch 5 MIDI 93 Velocity 76
2024-12-04 17:57:44,961 - DEBUG - Note OFF: Ch 7 MIDI 81
2024-12-04 17:57:44,962 - DEBUG - Note ON: Ch 7 MIDI 78 Velocity 95
2024-12-04 17:57:44,962 - DEBUG - Note ON: Ch 7 MIDI 81 Velocity 95
2024-12-04 17:57:44,962 - DEBUG - Note OFF: Ch 5 MIDI 98
2024-12-04 17:57:44,962 - DEBUG - Note OFF: Ch 7 MIDI 81
2024-12-04 17:57:44,962 - DEBUG - Note OFF: Ch 7 MIDI 78
2024-12-04 17:57:44,962 - DEBUG - Note ON: Ch 7 MIDI 78 Velocity 90
2024-12-04 17:57:44,962 - DEBUG - Note ON: Ch 7 MIDI 74 Velocity 90
2024-12-04 17:57:44,962 - DEBUG - Note OFF: Ch 1 MIDI 42
2024-12-04 17:57:44,962 - DEBUG - Note OFF: Ch 4 MIDI 62
2024-12-04 17:57:44,962 - DEBUG - Note OFF: Ch 5 MIDI 93
2024-12-04 17:57:44,962 - DEBUG - Note ON: Ch 1 MIDI 45 Velocity 88
2024-12-04 17:57:44,963 - DEBUG - Note ON: Ch 5 MIDI 90 Velocity 74
2024-12-04 17:57:44,963 - DEBUG - Note OFF: Ch 7 MIDI 78
2024-12-04 17:57:44,963 - DEBUG - Note ON: Ch 7 MIDI 78 Velocity 95
2024-12-04 17:57:44,963 - DEBUG - Note ON: Ch 4 MIDI 62 Velocity 56
2024-12-04 17:57:44,963 - DEBUG - Note OFF: Ch 7 MIDI 74
2024-12-04 17:57:44,963 - DEBUG - Note ON: Ch 7 MIDI 74 Velocity 95
2024-12-04 17:57:44,963 - DEBUG - Note OFF: Ch 7 MIDI 78
2024-12-04 17:57:44,963 - DEBUG - Note OFF: Ch 7 MIDI 74
2024-12-04 17:57:44,963 - DEBUG - Note ON: Ch 7 MIDI 74 Velocity 92
2024-12-04 17:57:44,964 - DEBUG - Note ON: Ch 7 MIDI 69 Velocity 91
2024-12-04 17:57:44,964 - DEBUG - Note OFF: Ch 4 MIDI 62
2024-12-04 17:57:44,964 - DEBUG - Note OFF: Ch 1 MIDI 45
2024-12-04 17:57:44,964 - DEBUG - Note ON: Ch 4 MIDI 66 Velocity 62
2024-12-04 17:57:44,964 - DEBUG - Note OFF: Ch 5 MIDI 90
2024-12-04 17:57:44,964 - DEBUG - Note OFF: Ch 7 MIDI 74
2024-12-04 17:57:44,964 - DEBUG - Note ON: Ch 7 MIDI 74 Velocity 94
2024-12-04 17:57:44,964 - DEBUG - Note OFF: Ch 2 MIDI 74
2024-12-04 17:57:44,964 - DEBUG - Note ON: Ch 2 MIDI 74 Velocity 87
2024-12-04 17:57:44,964 - DEBUG - Note ON: Ch 5 MIDI 86 Velocity 74
2024-12-04 17:57:44,964 - DEBUG - Note ON: Ch 4 MIDI 62 Velocity 69
2024-12-04 17:57:44,965 - DEBUG - Note OFF: Ch 7 MIDI 69
2024-12-04 17:57:44,965 - DEBUG - Note ON: Ch 1 MIDI 38 Velocity 84
2024-12-04 17:57:44,965 - DEBUG - Note ON: Ch 7 MIDI 69 Velocity 95
2024-12-04 17:57:45,182 - DEBUG - Note OFF: Ch 2 MIDI 74
2024-12-04 17:57:45,183 - DEBUG - Note ON: Ch 4 MIDI 69 Velocity 60
2024-12-04 17:57:45,196 - DEBUG - Note ON: Ch 2 MIDI 69 Velocity 64
2024-12-04 17:57:45,255 - DEBUG - Note OFF: Ch 4 MIDI 66
2024-12-04 17:57:45,401 - DEBUG - Note OFF: Ch 7 MIDI 74
2024-12-04 17:57:45,440 - DEBUG - Note OFF: Ch 7 MIDI 69
2024-12-04 17:57:45,577 - DEBUG - Note OFF: Ch 2 MIDI 69
2024-12-04 17:57:45,590 - DEBUG - Note ON: Ch 2 MIDI 78 Velocity 87
2024-12-04 17:57:45,590 - DEBUG - Note ON: Ch 4 MIDI 66 Velocity 66
2024-12-04 17:57:45,615 - DEBUG - Note OFF: Ch 4 MIDI 69
2024-12-04 17:57:45,728 - DEBUG - Note OFF: Ch 5 MIDI 86
2024-12-04 17:57:45,972 - DEBUG - Note OFF: Ch 2 MIDI 78
2024-12-04 17:57:45,983 - DEBUG - Note ON: Ch 4 MIDI 69 Velocity 62
2024-12-04 17:57:45,983 - DEBUG - Note ON: Ch 2 MIDI 69 Velocity 62
2024-12-04 17:57:45,996 - DEBUG - Note OFF: Ch 4 MIDI 66
2024-12-04 17:57:46,351 - DEBUG - Note OFF: Ch 4 MIDI 69
2024-12-04 17:57:46,351 - DEBUG - Note OFF: Ch 4 MIDI 62
2024-12-04 17:57:46,362 - DEBUG - Note ON: Ch 4 MIDI 66 Velocity 67
2024-12-04 17:57:46,376 - DEBUG - Note OFF: Ch 2 MIDI 69
2024-12-04 17:57:46,376 - DEBUG - Note ON: Ch 4 MIDI 62 Velocity 69
2024-12-04 17:57:46,376 - DEBUG - Note ON: Ch 2 MIDI 81 Velocity 88
2024-12-04 17:57:46,752 - DEBUG - Note OFF: Ch 4 MIDI 66
2024-12-04 17:57:46,765 - DEBUG - Note OFF: Ch 2 MIDI 81
2024-12-04 17:57:46,766 - DEBUG - Note ON: Ch 4 MIDI 69 Velocity 61
2024-12-04 17:57:46,778 - DEBUG - Note ON: Ch 2 MIDI 69 Velocity 55
2024-12-04 17:57:46,984 - DEBUG - Note OFF: Ch 1 MIDI 38
2024-12-04 17:57:47,150 - DEBUG - Note OFF: Ch 4 MIDI 69
2024-12-04 17:57:47,161 - DEBUG - Note ON: Ch 2 MIDI 74 Velocity 75
2024-12-04 17:57:47,161 - DEBUG - Note OFF: Ch 4 MIDI 62
2024-12-04 17:57:47,162 - DEBUG - Note ON: Ch 4 MIDI 62 Velocity 69
2024-12-04 17:57:47,162 - DEBUG - Note ON: Ch 5 MIDI 98 Velocity 78
2024-12-04 17:57:47,162 - DEBUG - Note ON: Ch 7 MIDI 86 Velocity 95
2024-12-04 17:57:47,162 - DEBUG - Note ON: Ch 7 MIDI 81 Velocity 95
2024-12-04 17:57:47,162 - DEBUG - Note OFF: Ch 2 MIDI 69
2024-12-04 17:57:47,175 - DEBUG - Note ON: Ch 1 MIDI 38 Velocity 93
2024-12-04 17:57:47,547 - DEBUG - Note OFF: Ch 7 MIDI 86
2024-12-04 17:57:47,547 - DEBUG - Note OFF: Ch 7 MIDI 81
2024-12-04 17:57:47,547 - DEBUG - Note ON: Ch 7 MIDI 81 Velocity 91
2024-12-04 17:57:47,560 - DEBUG - Note ON: Ch 7 MIDI 78 Velocity 91
2024-12-04 17:57:47,946 - DEBUG - Note OFF: Ch 1 MIDI 38
2024-12-04 17:57:47,946 - DEBUG - Note OFF: Ch 5 MIDI 98
2024-12-04 17:57:47,946 - DEBUG - Note OFF: Ch 7 MIDI 81
2024-12-04 17:57:47,946 - DEBUG - Note ON: Ch 7 MIDI 81 Velocity 95
2024-12-04 17:57:47,958 - DEBUG - Note OFF: Ch 7 MIDI 78
2024-12-04 17:57:47,958 - DEBUG - Note ON: Ch 1 MIDI 42 Velocity 94
2024-12-04 17:57:47,959 - DEBUG - Note ON: Ch 5 MIDI 93 Velocity 76
2024-12-04 17:57:47,959 - DEBUG - Note ON: Ch 7 MIDI 78 Velocity 95
2024-12-04 17:57:48,320 - DEBUG - Key pressed: s
2024-12-04 17:57:48,320 - INFO - MIDI playback stopped.
2024-12-04 17:57:48,320 - INFO - MIDI playback stopped by user.
2024-12-04 17:57:50,296 - DEBUG - Key pressed: 2
2024-12-04 17:57:50,756 - DEBUG - Navigating down: 1
2024-12-04 17:57:51,199 - DEBUG - Navigating up: 0
2024-12-04 17:57:52,765 - DEBUG - Navigating down: 1
2024-12-04 17:57:52,957 - DEBUG - Navigating down: 2
2024-12-04 17:57:53,148 - INFO - Selected SoundFont: Fantasy Piano.sf2
2024-12-04 17:57:53,151 - INFO - SoundFont 'Fantasy Piano.sf2' loaded successfully.
2024-12-04 17:57:53,401 - DEBUG - Key pressed: 1
2024-12-04 17:57:53,680 - DEBUG - Navigating down: 1
2024-12-04 17:57:53,879 - DEBUG - Navigating down: 2
2024-12-04 17:57:54,020 - DEBUG - Navigating down: 3
2024-12-04 17:57:54,740 - DEBUG - Navigating down: 4
2024-12-04 17:57:54,924 - DEBUG - Navigating down: 5
2024-12-04 17:57:55,084 - DEBUG - Navigating down: 6
2024-12-04 17:57:55,312 - INFO - Selected MIDI file: Oh Tannenbaum.mid
2024-12-04 17:57:55,367 - INFO - MIDI messages prepared for playback.
2024-12-04 17:57:55,367 - INFO - MIDIPlayer initialized for file: Oh Tannenbaum.mid
2024-12-04 17:57:55,368 - INFO - Starting MIDI playback: Oh Tannenbaum.mid
2024-12-04 17:57:56,535 - DEBUG - Program Change: Ch 3 Program 75
2024-12-04 17:57:56,585 - DEBUG - Program Change: Ch 4 Program 41
2024-12-04 17:57:56,645 - DEBUG - Program Change: Ch 5 Program 9
2024-12-04 17:57:56,680 - DEBUG - Program Change: Ch 6 Program 46
2024-12-04 17:57:56,721 - DEBUG - Program Change: Ch 1 Program 42
2024-12-04 17:57:56,780 - DEBUG - Program Change: Ch 2 Program 40
2024-12-04 17:57:56,841 - DEBUG - Program Change: Ch 7 Program 7
2024-12-04 17:57:56,876 - DEBUG - Program Change: Ch 8 Program 46
2024-12-04 17:57:57,735 - DEBUG - Note ON: Ch 5 MIDI 98 Velocity 79
2024-12-04 17:57:57,735 - DEBUG - Note ON: Ch 7 MIDI 86 Velocity 95
2024-12-04 17:57:57,747 - DEBUG - Note ON: Ch 1 MIDI 38 Velocity 93
2024-12-04 17:57:57,747 - DEBUG - Note ON: Ch 7 MIDI 81 Velocity 95
2024-12-04 17:57:58,132 - DEBUG - Note OFF: Ch 7 MIDI 86
2024-12-04 17:57:58,132 - DEBUG - Note OFF: Ch 7 MIDI 81
2024-12-04 17:57:58,132 - DEBUG - Note ON: Ch 7 MIDI 81 Velocity 91
2024-12-04 17:57:58,145 - DEBUG - Note ON: Ch 7 MIDI 78 Velocity 91
2024-12-04 17:57:58,520 - DEBUG - Note OFF: Ch 1 MIDI 38
2024-12-04 17:57:58,520 - DEBUG - Note OFF: Ch 5 MIDI 98
2024-12-04 17:57:58,532 - DEBUG - Note OFF: Ch 7 MIDI 81
2024-12-04 17:57:58,532 - DEBUG - Note ON: Ch 5 MIDI 93 Velocity 83
2024-12-04 17:57:58,532 - DEBUG - Note OFF: Ch 7 MIDI 78
2024-12-04 17:57:58,533 - DEBUG - Note ON: Ch 1 MIDI 42 Velocity 94
2024-12-04 17:57:58,533 - DEBUG - Note ON: Ch 7 MIDI 78 Velocity 95
2024-12-04 17:57:58,533 - DEBUG - Note ON: Ch 7 MIDI 81 Velocity 95
2024-12-04 17:57:58,920 - DEBUG - Note ON: Ch 7 MIDI 74 Velocity 90
2024-12-04 17:57:58,921 - DEBUG - Note OFF: Ch 7 MIDI 78
2024-12-04 17:57:58,921 - DEBUG - Note ON: Ch 7 MIDI 78 Velocity 90
2024-12-04 17:57:58,921 - DEBUG - Note OFF: Ch 7 MIDI 81
2024-12-04 17:57:59,295 - DEBUG - Note OFF: Ch 1 MIDI 42
2024-12-04 17:57:59,307 - DEBUG - Note OFF: Ch 7 MIDI 74
2024-12-04 17:57:59,307 - DEBUG - Note ON: Ch 1 MIDI 45 Velocity 88
2024-12-04 17:57:59,307 - DEBUG - Note OFF: Ch 7 MIDI 78
2024-12-04 17:57:59,319 - DEBUG - Note OFF: Ch 5 MIDI 93
2024-12-04 17:57:59,319 - DEBUG - Note ON: Ch 5 MIDI 90 Velocity 75
2024-12-04 17:57:59,319 - DEBUG - Note ON: Ch 7 MIDI 78 Velocity 95
2024-12-04 17:57:59,319 - DEBUG - Note ON: Ch 7 MIDI 74 Velocity 95
2024-12-04 17:57:59,705 - DEBUG - Note ON: Ch 7 MIDI 69 Velocity 91
2024-12-04 17:57:59,705 - DEBUG - Note OFF: Ch 7 MIDI 74
2024-12-04 17:57:59,705 - DEBUG - Note OFF: Ch 7 MIDI 78
2024-12-04 17:57:59,705 - DEBUG - Note ON: Ch 7 MIDI 74 Velocity 92
2024-12-04 17:58:00,100 - DEBUG - Note OFF: Ch 1 MIDI 45
2024-12-04 17:58:00,100 - DEBUG - Note OFF: Ch 7 MIDI 69
2024-12-04 17:58:00,100 - DEBUG - Note ON: Ch 2 MIDI 74 Velocity 84
2024-12-04 17:58:00,100 - DEBUG - Note OFF: Ch 7 MIDI 74
2024-12-04 17:58:00,100 - DEBUG - Note OFF: Ch 5 MIDI 90
2024-12-04 17:58:00,100 - DEBUG - Note ON: Ch 7 MIDI 69 Velocity 95
2024-12-04 17:58:00,113 - DEBUG - Note ON: Ch 1 MIDI 38 Velocity 84
2024-12-04 17:58:00,113 - DEBUG - Note ON: Ch 5 MIDI 86 Velocity 73
2024-12-04 17:58:00,113 - DEBUG - Note ON: Ch 7 MIDI 74 Velocity 94
2024-12-04 17:58:00,113 - DEBUG - Note ON: Ch 4 MIDI 62 Velocity 69
2024-12-04 17:58:00,113 - DEBUG - Note ON: Ch 4 MIDI 66 Velocity 62
2024-12-04 17:58:00,489 - DEBUG - Note OFF: Ch 2 MIDI 74
2024-12-04 17:58:00,500 - DEBUG - Note ON: Ch 4 MIDI 69 Velocity 60
2024-12-04 17:58:00,501 - DEBUG - Note ON: Ch 2 MIDI 69 Velocity 64
2024-12-04 17:58:00,575 - DEBUG - Note OFF: Ch 4 MIDI 66
2024-12-04 17:58:00,726 - DEBUG - Note OFF: Ch 7 MIDI 74
2024-12-04 17:58:00,737 - DEBUG - Note OFF: Ch 7 MIDI 69
2024-12-04 17:58:00,891 - DEBUG - Note ON: Ch 4 MIDI 66 Velocity 66
2024-12-04 17:58:00,891 - DEBUG - Note OFF: Ch 2 MIDI 69
2024-12-04 17:58:00,891 - DEBUG - Note ON: Ch 2 MIDI 78 Velocity 86
2024-12-04 17:58:00,928 - DEBUG - Note OFF: Ch 4 MIDI 69
2024-12-04 17:58:01,040 - DEBUG - Note OFF: Ch 5 MIDI 86
2024-12-04 17:58:01,287 - DEBUG - Note OFF: Ch 2 MIDI 78
2024-12-04 17:58:01,287 - DEBUG - Note ON: Ch 4 MIDI 69 Velocity 62
2024-12-04 17:58:01,299 - DEBUG - Note ON: Ch 2 MIDI 69 Velocity 62
2024-12-04 17:58:01,299 - DEBUG - Note OFF: Ch 4 MIDI 66
2024-12-04 17:58:01,662 - DEBUG - Note OFF: Ch 4 MIDI 69
2024-12-04 17:58:01,675 - DEBUG - Note OFF: Ch 4 MIDI 62
2024-12-04 17:58:01,675 - DEBUG - Note ON: Ch 4 MIDI 66 Velocity 67
2024-12-04 17:58:01,688 - DEBUG - Note OFF: Ch 2 MIDI 69
2024-12-04 17:58:01,688 - DEBUG - Note ON: Ch 2 MIDI 81 Velocity 75
2024-12-04 17:58:01,688 - DEBUG - Note ON: Ch 4 MIDI 62 Velocity 69
2024-12-04 17:58:02,062 - DEBUG - Note OFF: Ch 4 MIDI 66
2024-12-04 17:58:02,075 - DEBUG - Note ON: Ch 4 MIDI 69 Velocity 61
2024-12-04 17:58:02,075 - DEBUG - Note OFF: Ch 2 MIDI 81
2024-12-04 17:58:02,088 - DEBUG - Note ON: Ch 2 MIDI 69 Velocity 55
2024-12-04 17:58:02,295 - DEBUG - Note OFF: Ch 1 MIDI 38
2024-12-04 17:58:02,455 - DEBUG - Note OFF: Ch 4 MIDI 69
2024-12-04 17:58:02,479 - DEBUG - Note OFF: Ch 2 MIDI 69
2024-12-04 17:58:02,479 - DEBUG - Note OFF: Ch 4 MIDI 62
2024-12-04 17:58:02,480 - DEBUG - Note ON: Ch 4 MIDI 62 Velocity 69
2024-12-04 17:58:02,480 - DEBUG - Note ON: Ch 1 MIDI 38 Velocity 93
2024-12-04 17:58:02,480 - DEBUG - Note ON: Ch 2 MIDI 74 Velocity 75
2024-12-04 17:58:02,480 - DEBUG - Note ON: Ch 7 MIDI 86 Velocity 95
2024-12-04 17:58:02,480 - DEBUG - Note ON: Ch 5 MIDI 98 Velocity 78
2024-12-04 17:58:02,480 - DEBUG - Note ON: Ch 7 MIDI 81 Velocity 95
2024-12-04 17:58:02,869 - DEBUG - Note ON: Ch 7 MIDI 78 Velocity 91
2024-12-04 17:58:02,869 - DEBUG - Note OFF: Ch 7 MIDI 86
2024-12-04 17:58:02,869 - DEBUG - Note OFF: Ch 7 MIDI 81
2024-12-04 17:58:02,869 - DEBUG - Note ON: Ch 7 MIDI 81 Velocity 91
2024-12-04 17:58:03,255 - DEBUG - Note OFF: Ch 1 MIDI 38
2024-12-04 17:58:03,255 - DEBUG - Note OFF: Ch 7 MIDI 78
2024-12-04 17:58:03,255 - DEBUG - Note ON: Ch 1 MIDI 42 Velocity 94
2024-12-04 17:58:03,255 - DEBUG - Note ON: Ch 5 MIDI 93 Velocity 76
2024-12-04 17:58:03,266 - DEBUG - Note OFF: Ch 7 MIDI 81
2024-12-04 17:58:03,266 - DEBUG - Note ON: Ch 7 MIDI 78 Velocity 95
2024-12-04 17:58:03,266 - DEBUG - Note ON: Ch 7 MIDI 81 Velocity 95
2024-12-04 17:58:03,266 - DEBUG - Note OFF: Ch 5 MIDI 98
2024-12-04 17:58:03,659 - DEBUG - Note OFF: Ch 7 MIDI 81
2024-12-04 17:58:03,659 - DEBUG - Note OFF: Ch 7 MIDI 78
2024-12-04 17:58:03,659 - DEBUG - Note ON: Ch 7 MIDI 78 Velocity 90
2024-12-04 17:58:03,670 - DEBUG - Note ON: Ch 7 MIDI 74 Velocity 90
2024-12-04 17:58:04,019 - DEBUG - Note OFF: Ch 1 MIDI 42
2024-12-04 17:58:04,032 - DEBUG - Note OFF: Ch 4 MIDI 62
2024-12-04 17:58:04,045 - DEBUG - Note OFF: Ch 5 MIDI 93
2024-12-04 17:58:04,057 - DEBUG - Note ON: Ch 1 MIDI 45 Velocity 88
2024-12-04 17:58:04,057 - DEBUG - Note ON: Ch 5 MIDI 90 Velocity 74
2024-12-04 17:58:04,058 - DEBUG - Note OFF: Ch 7 MIDI 78
2024-12-04 17:58:04,058 - DEBUG - Note ON: Ch 7 MIDI 78 Velocity 95
2024-12-04 17:58:04,058 - DEBUG - Note ON: Ch 4 MIDI 62 Velocity 56
2024-12-04 17:58:04,058 - DEBUG - Note OFF: Ch 7 MIDI 74
2024-12-04 17:58:04,058 - DEBUG - Note ON: Ch 7 MIDI 74 Velocity 95
2024-12-04 17:58:04,446 - DEBUG - Note OFF: Ch 7 MIDI 78
2024-12-04 17:58:04,446 - DEBUG - Note OFF: Ch 7 MIDI 74
2024-12-04 17:58:04,446 - DEBUG - Note ON: Ch 7 MIDI 74 Velocity 92
2024-12-04 17:58:04,459 - DEBUG - Note ON: Ch 7 MIDI 69 Velocity 91
2024-12-04 17:58:04,822 - DEBUG - Note OFF: Ch 4 MIDI 62
2024-12-04 17:58:04,835 - DEBUG - Note OFF: Ch 1 MIDI 45
2024-12-04 17:58:04,835 - DEBUG - Note ON: Ch 4 MIDI 66 Velocity 62
2024-12-04 17:58:04,835 - DEBUG - Note OFF: Ch 5 MIDI 90
2024-12-04 17:58:04,835 - DEBUG - Note OFF: Ch 7 MIDI 74
2024-12-04 17:58:04,835 - DEBUG - Note ON: Ch 7 MIDI 74 Velocity 94
2024-12-04 17:58:04,848 - DEBUG - Note OFF: Ch 2 MIDI 74
2024-12-04 17:58:04,849 - DEBUG - Note ON: Ch 2 MIDI 74 Velocity 87
2024-12-04 17:58:04,849 - DEBUG - Note ON: Ch 5 MIDI 86 Velocity 74
2024-12-04 17:58:04,849 - DEBUG - Note ON: Ch 4 MIDI 62 Velocity 69
2024-12-04 17:58:04,849 - DEBUG - Note OFF: Ch 7 MIDI 69
2024-12-04 17:58:04,849 - DEBUG - Note ON: Ch 1 MIDI 38 Velocity 84
2024-12-04 17:58:04,849 - DEBUG - Note ON: Ch 7 MIDI 69 Velocity 95
2024-12-04 17:58:05,081 - DEBUG - Key pressed: 2
2024-12-04 17:58:05,699 - DEBUG - Navigating down: 1
2024-12-04 17:58:06,083 - DEBUG - Navigating down: 2
2024-12-04 17:58:06,324 - INFO - Selected SoundFont: Fantasy Piano.sf2
2024-12-04 17:58:06,328 - INFO - SoundFont 'Fantasy Piano.sf2' loaded successfully.
2024-12-04 17:58:06,328 - DEBUG - Note OFF: Ch 2 MIDI 74
2024-12-04 17:58:06,328 - DEBUG - Note ON: Ch 4 MIDI 69 Velocity 60
2024-12-04 17:58:06,328 - DEBUG - Note ON: Ch 2 MIDI 69 Velocity 64
2024-12-04 17:58:06,328 - DEBUG - Note OFF: Ch 4 MIDI 66
2024-12-04 17:58:06,328 - DEBUG - Note OFF: Ch 7 MIDI 74
2024-12-04 17:58:06,329 - DEBUG - Note OFF: Ch 7 MIDI 69
2024-12-04 17:58:06,329 - DEBUG - Note OFF: Ch 2 MIDI 69
2024-12-04 17:58:06,329 - DEBUG - Note ON: Ch 2 MIDI 78 Velocity 87
2024-12-04 17:58:06,329 - DEBUG - Note ON: Ch 4 MIDI 66 Velocity 66
2024-12-04 17:58:06,329 - DEBUG - Note OFF: Ch 4 MIDI 69
2024-12-04 17:58:06,329 - DEBUG - Note OFF: Ch 5 MIDI 86
2024-12-04 17:58:06,329 - DEBUG - Note OFF: Ch 2 MIDI 78
2024-12-04 17:58:06,329 - DEBUG - Note ON: Ch 4 MIDI 69 Velocity 62
2024-12-04 17:58:06,329 - DEBUG - Note ON: Ch 2 MIDI 69 Velocity 62
2024-12-04 17:58:06,330 - DEBUG - Note OFF: Ch 4 MIDI 66
2024-12-04 17:58:06,401 - DEBUG - Note OFF: Ch 4 MIDI 69
2024-12-04 17:58:06,401 - DEBUG - Note OFF: Ch 4 MIDI 62
2024-12-04 17:58:06,414 - DEBUG - Note ON: Ch 4 MIDI 66 Velocity 67
2024-12-04 17:58:06,427 - DEBUG - Note OFF: Ch 2 MIDI 69
2024-12-04 17:58:06,427 - DEBUG - Note ON: Ch 4 MIDI 62 Velocity 69
2024-12-04 17:58:06,427 - DEBUG - Note ON: Ch 2 MIDI 81 Velocity 88
2024-12-04 17:58:06,809 - DEBUG - Note OFF: Ch 4 MIDI 66
2024-12-04 17:58:06,822 - DEBUG - Note OFF: Ch 2 MIDI 81
2024-12-04 17:58:06,822 - DEBUG - Note ON: Ch 4 MIDI 69 Velocity 61
2024-12-04 17:58:06,822 - DEBUG - Note ON: Ch 2 MIDI 69 Velocity 55
2024-12-04 17:58:07,041 - DEBUG - Note OFF: Ch 1 MIDI 38
2024-12-04 17:58:07,199 - DEBUG - Note OFF: Ch 4 MIDI 69
2024-12-04 17:58:07,211 - DEBUG - Note ON: Ch 2 MIDI 74 Velocity 75
2024-12-04 17:58:07,212 - DEBUG - Note OFF: Ch 4 MIDI 62
2024-12-04 17:58:07,212 - DEBUG - Note ON: Ch 4 MIDI 62 Velocity 69
2024-12-04 17:58:07,212 - DEBUG - Note ON: Ch 5 MIDI 98 Velocity 78
2024-12-04 17:58:07,212 - DEBUG - Note ON: Ch 7 MIDI 86 Velocity 95
2024-12-04 17:58:07,212 - DEBUG - Note ON: Ch 7 MIDI 81 Velocity 95
2024-12-04 17:58:07,212 - DEBUG - Note OFF: Ch 2 MIDI 69
2024-12-04 17:58:07,225 - DEBUG - Note ON: Ch 1 MIDI 38 Velocity 93
2024-12-04 17:58:07,603 - DEBUG - Note OFF: Ch 7 MIDI 86
2024-12-04 17:58:07,603 - DEBUG - Note OFF: Ch 7 MIDI 81
2024-12-04 17:58:07,603 - DEBUG - Note ON: Ch 7 MIDI 81 Velocity 91
2024-12-04 17:58:07,616 - DEBUG - Note ON: Ch 7 MIDI 78 Velocity 91
2024-12-04 17:58:07,997 - DEBUG - Note OFF: Ch 1 MIDI 38
2024-12-04 17:58:07,998 - DEBUG - Note OFF: Ch 5 MIDI 98
2024-12-04 17:58:07,998 - DEBUG - Note OFF: Ch 7 MIDI 81
2024-12-04 17:58:07,998 - DEBUG - Note ON: Ch 7 MIDI 81 Velocity 95
2024-12-04 17:58:08,009 - DEBUG - Note OFF: Ch 7 MIDI 78
2024-12-04 17:58:08,010 - DEBUG - Note ON: Ch 1 MIDI 42 Velocity 94
2024-12-04 17:58:08,010 - DEBUG - Note ON: Ch 5 MIDI 93 Velocity 76
2024-12-04 17:58:08,010 - DEBUG - Note ON: Ch 7 MIDI 78 Velocity 95
2024-12-04 17:58:08,394 - DEBUG - Note OFF: Ch 7 MIDI 81
2024-12-04 17:58:08,395 - DEBUG - Note ON: Ch 7 MIDI 74 Velocity 90
2024-12-04 17:58:08,395 - DEBUG - Note OFF: Ch 7 MIDI 78
2024-12-04 17:58:08,407 - DEBUG - Note ON: Ch 7 MIDI 78 Velocity 90
2024-12-04 17:58:08,764 - DEBUG - Note OFF: Ch 4 MIDI 62
2024-12-04 17:58:08,777 - DEBUG - Note OFF: Ch 1 MIDI 42
2024-12-04 17:58:08,777 - DEBUG - Note OFF: Ch 7 MIDI 74
2024-12-04 17:58:08,789 - DEBUG - Note ON: Ch 1 MIDI 45 Velocity 88
2024-12-04 17:58:08,789 - DEBUG - Note ON: Ch 7 MIDI 74 Velocity 95
2024-12-04 17:58:08,789 - DEBUG - Note OFF: Ch 5 MIDI 93
2024-12-04 17:58:08,789 - DEBUG - Note OFF: Ch 7 MIDI 78
2024-12-04 17:58:08,789 - DEBUG - Note ON: Ch 7 MIDI 78 Velocity 95
2024-12-04 17:58:08,801 - DEBUG - Note ON: Ch 4 MIDI 62 Velocity 56
2024-12-04 17:58:08,802 - DEBUG - Note ON: Ch 5 MIDI 90 Velocity 74
2024-12-04 17:58:09,178 - DEBUG - Note OFF: Ch 7 MIDI 74
2024-12-04 17:58:09,178 - DEBUG - Note OFF: Ch 7 MIDI 78
2024-12-04 17:58:09,178 - DEBUG - Note ON: Ch 7 MIDI 74 Velocity 92
2024-12-04 17:58:09,191 - DEBUG - Note ON: Ch 7 MIDI 69 Velocity 91
2024-12-04 17:58:09,561 - DEBUG - Note OFF: Ch 4 MIDI 62
2024-12-04 17:58:09,575 - DEBUG - Note OFF: Ch 1 MIDI 45
2024-12-04 17:58:09,575 - DEBUG - Note OFF: Ch 2 MIDI 74
2024-12-04 17:58:09,575 - DEBUG - Note OFF: Ch 7 MIDI 74
2024-12-04 17:58:09,575 - DEBUG - Note ON: Ch 1 MIDI 45 Velocity 84
2024-12-04 17:58:09,575 - DEBUG - Note ON: Ch 3 MIDI 69 Velocity 102
2024-12-04 17:58:09,575 - DEBUG - Note OFF: Ch 7 MIDI 69
2024-12-04 17:58:09,576 - DEBUG - Note ON: Ch 7 MIDI 69 Velocity 95
2024-12-04 17:58:09,589 - DEBUG - Note OFF: Ch 5 MIDI 90
2024-12-04 17:58:09,589 - DEBUG - Note ON: Ch 2 MIDI 73 Velocity 84
2024-12-04 17:58:09,589 - DEBUG - Note ON: Ch 4 MIDI 61 Velocity 78
2024-12-04 17:58:09,589 - DEBUG - Note ON: Ch 5 MIDI 88 Velocity 74
2024-12-04 17:58:09,589 - DEBUG - Note ON: Ch 7 MIDI 73 Velocity 94
2024-12-04 17:58:09,891 - DEBUG - Note OFF: Ch 3 MIDI 69
2024-12-04 17:58:09,978 - DEBUG - Note OFF: Ch 1 MIDI 45
2024-12-04 17:58:09,978 - DEBUG - Note ON: Ch 1 MIDI 47 Velocity 84
2024-12-04 17:58:09,978 - DEBUG - Note ON: Ch 4 MIDI 62 Velocity 80
2024-12-04 17:58:09,989 - DEBUG - Note OFF: Ch 2 MIDI 73
2024-12-04 17:58:09,989 - DEBUG - Note ON: Ch 2 MIDI 71 Velocity 64
2024-12-04 17:58:09,989 - DEBUG - Note ON: Ch 3 MIDI 69 Velocity 109
2024-12-04 17:58:09,989 - DEBUG - Note OFF: Ch 4 MIDI 61
2024-12-04 17:58:10,218 - DEBUG - Note OFF: Ch 7 MIDI 73
2024-12-04 17:58:10,230 - DEBUG - Note OFF: Ch 7 MIDI 69
2024-12-04 17:58:10,361 - DEBUG - Note OFF: Ch 3 MIDI 69
2024-12-04 17:58:10,374 - DEBUG - Note OFF: Ch 1 MIDI 47
2024-12-04 17:58:10,387 - DEBUG - Note ON: Ch 2 MIDI 69 Velocity 62
2024-12-04 17:58:10,387 - DEBUG - Note OFF: Ch 2 MIDI 71
2024-12-04 17:58:10,387 - DEBUG - Note OFF: Ch 4 MIDI 62
2024-12-04 17:58:10,387 - DEBUG - Note ON: Ch 4 MIDI 64 Velocity 81
2024-12-04 17:58:10,387 - DEBUG - Note ON: Ch 3 MIDI 69 Velocity 105
2024-12-04 17:58:10,398 - DEBUG - Note ON: Ch 1 MIDI 49 Velocity 84
2024-12-04 17:58:10,544 - DEBUG - Note OFF: Ch 5 MIDI 88
2024-12-04 17:58:11,474 - DEBUG - Note OFF: Ch 4 MIDI 64
2024-12-04 17:58:11,474 - DEBUG - Note OFF: Ch 1 MIDI 49
2024-12-04 17:58:11,475 - DEBUG - Note OFF: Ch 2 MIDI 69
2024-12-04 17:58:11,668 - DEBUG - Note OFF: Ch 3 MIDI 69
2024-12-04 17:58:12,089 - DEBUG - Note ON: Ch 4 MIDI 62 Velocity 83
2024-12-04 17:58:12,101 - DEBUG - Note ON: Ch 1 MIDI 50 Velocity 72
2024-12-04 17:58:12,102 - DEBUG - Note ON: Ch 2 MIDI 66 Velocity 83
2024-12-04 17:58:12,102 - DEBUG - Note ON: Ch 3 MIDI 74 Velocity 103
2024-12-04 17:58:12,502 - DEBUG - Note OFF: Ch 3 MIDI 74
2024-12-04 17:58:12,502 - DEBUG - Note OFF: Ch 4 MIDI 62
2024-12-04 17:58:12,502 - DEBUG - Note ON: Ch 2 MIDI 69 Velocity 77
2024-12-04 17:58:12,502 - DEBUG - Note ON: Ch 4 MIDI 66 Velocity 77
2024-12-04 17:58:12,514 - DEBUG - Note ON: Ch 1 MIDI 45 Velocity 70
2024-12-04 17:58:12,514 - DEBUG - Note ON: Ch 3 MIDI 74 Velocity 109
2024-12-04 17:58:12,515 - DEBUG - Note OFF: Ch 1 MIDI 50
2024-12-04 17:58:12,515 - DEBUG - Note OFF: Ch 2 MIDI 66
2024-12-04 17:58:12,829 - DEBUG - Note OFF: Ch 3 MIDI 74
2024-12-04 17:58:12,910 - DEBUG - Note OFF: Ch 2 MIDI 69
2024-12-04 17:58:12,910 - DEBUG - Note OFF: Ch 4 MIDI 66
2024-12-04 17:58:12,911 - DEBUG - Note OFF: Ch 1 MIDI 45
2024-12-04 17:58:12,911 - DEBUG - Note ON: Ch 1 MIDI 50 Velocity 78
2024-12-04 17:58:12,911 - DEBUG - Note ON: Ch 3 MIDI 74 Velocity 110
2024-12-04 17:58:12,924 - DEBUG - Note ON: Ch 2 MIDI 66 Velocity 88
2024-12-04 17:58:12,925 - DEBUG - Note ON: Ch 4 MIDI 62 Velocity 88
2024-12-04 17:58:13,304 - DEBUG - Note OFF: Ch 1 MIDI 50
2024-12-04 17:58:13,329 - DEBUG - Note ON: Ch 2 MIDI 69 Velocity 77
2024-12-04 17:58:13,329 - DEBUG - Note ON: Ch 4 MIDI 66 Velocity 77
2024-12-04 17:58:13,329 - DEBUG - Note ON: Ch 1 MIDI 45 Velocity 71
2024-12-04 17:58:13,329 - DEBUG - Note OFF: Ch 2 MIDI 66
2024-12-04 17:58:13,329 - DEBUG - Note OFF: Ch 4 MIDI 62
2024-12-04 17:58:13,605 - INFO - Application exited and curses terminated.
